Determining if the pthread_create exist failed with the following output:
Change Dir: /home/bkotis/Documents/dlib_template/build/CMakeFiles/CMakeTmp

Run Build Command:"/home/bkotis/miniconda3/bin/make" "cmTC_635cd/fast"
/home/bkotis/miniconda3/bin/make -f CMakeFiles/cmTC_635cd.dir/build.make CMakeFiles/cmTC_635cd.dir/build
make[1]: Entering directory '/home/bkotis/Documents/dlib_template/build/CMakeFiles/CMakeTmp'
Building C object CMakeFiles/cmTC_635cd.dir/CheckSymbolExists.c.o
/usr/bin/cc    -o CMakeFiles/cmTC_635cd.dir/CheckSymbolExists.c.o   -c /home/bkotis/Documents/dlib_template/build/CMakeFiles/CMakeTmp/CheckSymbolExists.c
Linking C executable cmTC_635cd
/usr/bin/cmake -E cmake_link_script CMakeFiles/cmTC_635cd.dir/link.txt --verbose=1
/usr/bin/cc      -rdynamic CMakeFiles/cmTC_635cd.dir/CheckSymbolExists.c.o  -o cmTC_635cd 
/usr/bin/ld: CMakeFiles/cmTC_635cd.dir/CheckSymbolExists.c.o: in function `main':
CheckSymbolExists.c:(.text+0x1b): undefined reference to `pthread_create'
collect2: error: ld returned 1 exit status
make[1]: *** [CMakeFiles/cmTC_635cd.dir/build.make:87: cmTC_635cd] Error 1
make[1]: Leaving directory '/home/bkotis/Documents/dlib_template/build/CMakeFiles/CMakeTmp'
make: *** [Makefile:121: cmTC_635cd/fast] Error 2

File /home/bkotis/Documents/dlib_template/build/CMakeFiles/CMakeTmp/CheckSymbolExists.c:
/* */
#include <pthread.h>

int main(int argc, char** argv)
{
  (void)argv;
#ifndef pthread_create
  return ((int*)(&pthread_create))[argc];
#else
  (void)argc;
  return 0;
#endif
}

Determining if the function pthread_create exists in the pthreads failed with the following output:
Change Dir: /home/bkotis/Documents/dlib_template/build/CMakeFiles/CMakeTmp

Run Build Command:"/home/bkotis/miniconda3/bin/make" "cmTC_bc800/fast"
/home/bkotis/miniconda3/bin/make -f CMakeFiles/cmTC_bc800.dir/build.make CMakeFiles/cmTC_bc800.dir/build
make[1]: Entering directory '/home/bkotis/Documents/dlib_template/build/CMakeFiles/CMakeTmp'
Building C object CMakeFiles/cmTC_bc800.dir/CheckFunctionExists.c.o
/usr/bin/cc   -DCHECK_FUNCTION_EXISTS=pthread_create   -o CMakeFiles/cmTC_bc800.dir/CheckFunctionExists.c.o   -c /usr/share/cmake-3.13/Modules/CheckFunctionExists.c
Linking C executable cmTC_bc800
/usr/bin/cmake -E cmake_link_script CMakeFiles/cmTC_bc800.dir/link.txt --verbose=1
/usr/bin/cc  -DCHECK_FUNCTION_EXISTS=pthread_create    -rdynamic CMakeFiles/cmTC_bc800.dir/CheckFunctionExists.c.o  -o cmTC_bc800 -lpthreads 
/usr/bin/ld: cannot find -lpthreads
collect2: error: ld returned 1 exit status
make[1]: *** [CMakeFiles/cmTC_bc800.dir/build.make:87: cmTC_bc800] Error 1
make[1]: Leaving directory '/home/bkotis/Documents/dlib_template/build/CMakeFiles/CMakeTmp'
make: *** [Makefile:121: cmTC_bc800/fast] Error 2


Determining if the function sgesv exists failed with the following output:
Change Dir: /home/bkotis/Documents/dlib_template/build/CMakeFiles/CMakeTmp

Run Build Command:"/home/bkotis/miniconda3/bin/make" "cmTC_c3186/fast"
/home/bkotis/miniconda3/bin/make -f CMakeFiles/cmTC_c3186.dir/build.make CMakeFiles/cmTC_c3186.dir/build
make[1]: Entering directory '/home/bkotis/Documents/dlib_template/build/CMakeFiles/CMakeTmp'
Building C object CMakeFiles/cmTC_c3186.dir/CheckFunctionExists.c.o
/usr/bin/cc   -DCHECK_FUNCTION_EXISTS=sgesv   -o CMakeFiles/cmTC_c3186.dir/CheckFunctionExists.c.o   -c /usr/share/cmake-3.13/Modules/CheckFunctionExists.c
Linking C executable cmTC_c3186
/usr/bin/cmake -E cmake_link_script CMakeFiles/cmTC_c3186.dir/link.txt --verbose=1
/usr/bin/cc  -DCHECK_FUNCTION_EXISTS=sgesv    -rdynamic CMakeFiles/cmTC_c3186.dir/CheckFunctionExists.c.o  -o cmTC_c3186 /usr/lib/x86_64-linux-gnu/liblapack.so 
/usr/bin/ld: CMakeFiles/cmTC_c3186.dir/CheckFunctionExists.c.o: in function `main':
CheckFunctionExists.c:(.text+0x10): undefined reference to `sgesv'
collect2: error: ld returned 1 exit status
make[1]: *** [CMakeFiles/cmTC_c3186.dir/build.make:88: cmTC_c3186] Error 1
make[1]: Leaving directory '/home/bkotis/Documents/dlib_template/build/CMakeFiles/CMakeTmp'
make: *** [Makefile:121: cmTC_c3186/fast] Error 2


